<?xml version="1.0" encoding="UTF-8"?>
<testng-results skipped="0" failed="0" total="4" passed="4">
  <reporter-output>
  </reporter-output>
  <suite name="RunSUITE" duration-ms="13030" started-at="2017-11-02T14:10:24Z" finished-at="2017-11-02T14:10:37Z">
    <groups>
    </groups>
    <test name="groupA" duration-ms="12094" started-at="2017-11-02T14:10:24Z" finished-at="2017-11-02T14:10:36Z">
      <class name="org.me.sonikumari.java.sample.testing.testNG.GroupATestNG">
        <test-method status="PASS" signature="test1()[pri:0, instance:org.me.sonikumari.java.sample.testing.testNG.GroupATestNG@58ceff1]" name="test1" duration-ms="4055" started-at="2017-11-02T19:40:24Z" finished-at="2017-11-02T19:40:28Z">
          <reporter-output>
          </reporter-output>
        </test-method> <!-- test1 -->
        <test-method status="PASS" signature="test2()[pri:0, instance:org.me.sonikumari.java.sample.testing.testNG.GroupATestNG@58ceff1]" name="test2" duration-ms="8035" started-at="2017-11-02T19:40:28Z" finished-at="2017-11-02T19:40:36Z">
          <reporter-output>
          </reporter-output>
        </test-method> <!-- test2 -->
      </class> <!-- org.me.sonikumari.java.sample.testing.testNG.GroupATestNG -->
    </test> <!-- groupA -->
    <test name="groupB" duration-ms="886" started-at="2017-11-02T14:10:36Z" finished-at="2017-11-02T14:10:37Z">
      <class name="org.me.sonikumari.java.sample.testing.testNG.GroupBTestNG">
        <test-method status="PASS" signature="test2()[pri:0, instance:org.me.sonikumari.java.sample.testing.testNG.GroupBTestNG@6108b2d7]" name="test2" duration-ms="855" started-at="2017-11-02T19:40:36Z" finished-at="2017-11-02T19:40:37Z">
          <reporter-output>
          </reporter-output>
        </test-method> <!-- test2 -->
        <test-method status="PASS" signature="test1()[pri:0, instance:org.me.sonikumari.java.sample.testing.testNG.GroupBTestNG@6108b2d7]" name="test1" duration-ms="438" started-at="2017-11-02T19:40:36Z" finished-at="2017-11-02T19:40:37Z">
          <reporter-output>
          </reporter-output>
        </test-method> <!-- test1 -->
      </class> <!-- org.me.sonikumari.java.sample.testing.testNG.GroupBTestNG -->
    </test> <!-- groupB -->
  </suite> <!-- RunSUITE -->
</testng-results>
